{
  "stats": {
    "suites": 4,
    "tests": 4,
    "passes": 4,
    "pending": 0,
    "failures": 0,
    "start": "2023-10-03T13:41:42.042Z",
    "end": "2023-10-03T13:41:54.721Z",
    "duration": 12679,
    "testsRegistered": 4,
    "passPercent": 100,
    "pendingPercent": 0,
    "other": 0,
    "hasOther": false,
    "skipped": 0,
    "hasSkipped": false
  },
  "results": [
    {
      "uuid": "a682c680-3e90-4538-9f2d-3f75ece4b7ed",
      "title": "",
      "fullFile": "cypress\\e2e\\toolTests.js",
      "file": "cypress\\e2e\\toolTests.js",
      "beforeHooks": [],
      "afterHooks": [],
      "tests": [],
      "suites": [
        {
          "uuid": "3f1abe70-dc8c-4720-b415-9850c0e867de",
          "title": "toolTests live desktop",
          "fullFile": "",
          "file": "",
          "beforeHooks": [],
          "afterHooks": [],
          "tests": [
            {
              "title": "Nakdan live run",
              "fullTitle": "toolTests live desktop Nakdan live run",
              "timedOut": null,
              "duration": 2357,
              "state": "passed",
              "speed": "fast",
              "pass": true,
              "fail": false,
              "pending": false,
              "context": "\"videos/toolTests.js.mp4\"",
              "code": "cy.get('[placeholder=\"הזן טקסט כאן\"]').type('משה');\ncy.get('[id=\"nikud-text\"]').should('contain', 'מֹשֶׁה');",
              "err": {},
              "uuid": "b61a3e80-9910-4eb7-89ec-f1215fbe866d",
              "parentUUID": "3f1abe70-dc8c-4720-b415-9850c0e867de",
              "isHook": false,
              "skipped": false
            }
          ],
          "suites": [],
          "passes": [
            "b61a3e80-9910-4eb7-89ec-f1215fbe866d"
          ],
          "failures": [],
          "pending": [],
          "skipped": [],
          "duration": 2357,
          "root": false,
          "rootEmpty": false,
          "_timeout": 2000
        },
        {
          "uuid": "78a65709-39de-4e2c-9942-a83419a5a920",
          "title": "toolTests live mobile",
          "fullFile": "",
          "file": "",
          "beforeHooks": [],
          "afterHooks": [],
          "tests": [
            {
              "title": "Nakdan live run",
              "fullTitle": "toolTests live mobile Nakdan live run",
              "timedOut": null,
              "duration": 2117,
              "state": "passed",
              "speed": "fast",
              "pass": true,
              "fail": false,
              "pending": false,
              "context": "\"videos/toolTests.js.mp4\"",
              "code": "cy.get('[placeholder=\"הזן טקסט כאן\"]').type('משה');\ncy.get('[id=\"nikud-text\"]').should('contain', 'מֹשֶׁה');",
              "err": {},
              "uuid": "5b9e87a7-853c-4ecd-bb52-de6fb73e67c6",
              "parentUUID": "78a65709-39de-4e2c-9942-a83419a5a920",
              "isHook": false,
              "skipped": false
            }
          ],
          "suites": [],
          "passes": [
            "5b9e87a7-853c-4ecd-bb52-de6fb73e67c6"
          ],
          "failures": [],
          "pending": [],
          "skipped": [],
          "duration": 2117,
          "root": false,
          "rootEmpty": false,
          "_timeout": 2000
        },
        {
          "uuid": "c015f5b9-2d06-4b6e-b253-3a76d0657505",
          "title": "toolTests dev desktop",
          "fullFile": "",
          "file": "",
          "beforeHooks": [],
          "afterHooks": [],
          "tests": [
            {
              "title": "Nakdan live run",
              "fullTitle": "toolTests dev desktop Nakdan live run",
              "timedOut": null,
              "duration": 2201,
              "state": "passed",
              "speed": "fast",
              "pass": true,
              "fail": false,
              "pending": false,
              "context": "\"videos/toolTests.js.mp4\"",
              "code": "cy.get('[placeholder=\"הזן טקסט כאן\"]').type('משה');\ncy.get('[id=\"nikud-text\"]').should('contain', 'מֹשֶׁה');",
              "err": {},
              "uuid": "eda40ab5-5752-49b3-9515-2713ea0d3c11",
              "parentUUID": "c015f5b9-2d06-4b6e-b253-3a76d0657505",
              "isHook": false,
              "skipped": false
            }
          ],
          "suites": [],
          "passes": [
            "eda40ab5-5752-49b3-9515-2713ea0d3c11"
          ],
          "failures": [],
          "pending": [],
          "skipped": [],
          "duration": 2201,
          "root": false,
          "rootEmpty": false,
          "_timeout": 2000
        },
        {
          "uuid": "3d8780f1-fc23-4d6c-8773-99e9e32da715",
          "title": "toolTests dev mobile",
          "fullFile": "",
          "file": "",
          "beforeHooks": [],
          "afterHooks": [],
          "tests": [
            {
              "title": "Nakdan live run",
              "fullTitle": "toolTests dev mobile Nakdan live run",
              "timedOut": null,
              "duration": 1672,
              "state": "passed",
              "speed": "fast",
              "pass": true,
              "fail": false,
              "pending": false,
              "context": "\"videos/toolTests.js.mp4\"",
              "code": "cy.get('[placeholder=\"הזן טקסט כאן\"]').type('משה');\ncy.get('[id=\"nikud-text\"]').should('contain', 'מֹשֶׁה');",
              "err": {},
              "uuid": "49b58a9d-ff7b-425b-8ad0-568ab9ea2def",
              "parentUUID": "3d8780f1-fc23-4d6c-8773-99e9e32da715",
              "isHook": false,
              "skipped": false
            }
          ],
          "suites": [],
          "passes": [
            "49b58a9d-ff7b-425b-8ad0-568ab9ea2def"
          ],
          "failures": [],
          "pending": [],
          "skipped": [],
          "duration": 1672,
          "root": false,
          "rootEmpty": false,
          "_timeout": 2000
        }
      ],
      "passes": [],
      "failures": [],
      "pending": [],
      "skipped": [],
      "duration": 0,
      "root": true,
      "rootEmpty": true,
      "_timeout": 2000
    }
  ],
  "meta": {
    "mocha": {
      "version": "7.0.1"
    },
    "mochawesome": {
      "options": {
        "quiet": false,
        "reportFilename": "mochawesome",
        "saveHtml": false,
        "saveJson": true,
        "consoleReporter": "spec",
        "useInlineDiffs": false,
        "code": true
      },
      "version": "6.2.2"
    },
    "marge": {
      "options": {
        "id": "default",
        "reportDir": "cypress/results/json",
        "overwrite": false,
        "html": false,
        "json": true
      },
      "version": "5.2.0"
    }
  }
}