{
  "stats": {
    "suites": 4,
    "tests": 4,
    "passes": 4,
    "pending": 0,
    "failures": 0,
    "start": "2023-10-04T03:53:07.112Z",
    "end": "2023-10-04T03:53:21.553Z",
    "duration": 14441,
    "testsRegistered": 4,
    "passPercent": 100,
    "pendingPercent": 0,
    "other": 0,
    "hasOther": false,
    "skipped": 0,
    "hasSkipped": false
  },
  "results": [
    {
      "uuid": "499d5e37-58b3-4d10-ae0f-010a61d90178",
      "title": "",
      "fullFile": "cypress\\e2e\\toolTests.js",
      "file": "cypress\\e2e\\toolTests.js",
      "beforeHooks": [],
      "afterHooks": [],
      "tests": [],
      "suites": [
        {
          "uuid": "21a295f4-3880-4828-82b2-207a1f1b29c2",
          "title": "toolTests live desktop",
          "fullFile": "",
          "file": "",
          "beforeHooks": [],
          "afterHooks": [],
          "tests": [
            {
              "title": "Nakdan live run",
              "fullTitle": "toolTests live desktop Nakdan live run",
              "timedOut": null,
              "duration": 2733,
              "state": "passed",
              "speed": "fast",
              "pass": true,
              "fail": false,
              "pending": false,
              "context": "\"videos/toolTests.js.mp4\"",
              "code": "cy.get('[placeholder=\"הזן טקסט כאן\"]').type('משה');\ncy.get('[id=\"nikud-text\"]').should('contain', 'מֹשֶׁה');",
              "err": {},
              "uuid": "a5253d47-3c27-4ce9-93e5-7be69df96899",
              "parentUUID": "21a295f4-3880-4828-82b2-207a1f1b29c2",
              "isHook": false,
              "skipped": false
            }
          ],
          "suites": [],
          "passes": [
            "a5253d47-3c27-4ce9-93e5-7be69df96899"
          ],
          "failures": [],
          "pending": [],
          "skipped": [],
          "duration": 2733,
          "root": false,
          "rootEmpty": false,
          "_timeout": 2000
        },
        {
          "uuid": "b1fa2375-0726-4432-8aee-123eed337f88",
          "title": "toolTests live mobile",
          "fullFile": "",
          "file": "",
          "beforeHooks": [],
          "afterHooks": [],
          "tests": [
            {
              "title": "Nakdan live run",
              "fullTitle": "toolTests live mobile Nakdan live run",
              "timedOut": null,
              "duration": 1866,
              "state": "passed",
              "speed": "fast",
              "pass": true,
              "fail": false,
              "pending": false,
              "context": "\"videos/toolTests.js.mp4\"",
              "code": "cy.get('[placeholder=\"הזן טקסט כאן\"]').type('משה');\ncy.get('[id=\"nikud-text\"]').should('contain', 'מֹשֶׁה');",
              "err": {},
              "uuid": "a98125a6-38eb-425b-a8f2-a7f0921d5a36",
              "parentUUID": "b1fa2375-0726-4432-8aee-123eed337f88",
              "isHook": false,
              "skipped": false
            }
          ],
          "suites": [],
          "passes": [
            "a98125a6-38eb-425b-a8f2-a7f0921d5a36"
          ],
          "failures": [],
          "pending": [],
          "skipped": [],
          "duration": 1866,
          "root": false,
          "rootEmpty": false,
          "_timeout": 2000
        },
        {
          "uuid": "3ca6481f-eb47-4fe2-bfa4-9ba0204780ba",
          "title": "toolTests dev desktop",
          "fullFile": "",
          "file": "",
          "beforeHooks": [],
          "afterHooks": [],
          "tests": [
            {
              "title": "Nakdan live run",
              "fullTitle": "toolTests dev desktop Nakdan live run",
              "timedOut": null,
              "duration": 3035,
              "state": "passed",
              "speed": "fast",
              "pass": true,
              "fail": false,
              "pending": false,
              "context": "\"videos/toolTests.js.mp4\"",
              "code": "cy.get('[placeholder=\"הזן טקסט כאן\"]').type('משה');\ncy.get('[id=\"nikud-text\"]').should('contain', 'מֹשֶׁה');",
              "err": {},
              "uuid": "fea8b1e6-76f1-461c-b3cb-935606ff2f16",
              "parentUUID": "3ca6481f-eb47-4fe2-bfa4-9ba0204780ba",
              "isHook": false,
              "skipped": false
            }
          ],
          "suites": [],
          "passes": [
            "fea8b1e6-76f1-461c-b3cb-935606ff2f16"
          ],
          "failures": [],
          "pending": [],
          "skipped": [],
          "duration": 3035,
          "root": false,
          "rootEmpty": false,
          "_timeout": 2000
        },
        {
          "uuid": "f69a561b-19b2-4150-95bf-ee80b3db34da",
          "title": "toolTests dev mobile",
          "fullFile": "",
          "file": "",
          "beforeHooks": [],
          "afterHooks": [],
          "tests": [
            {
              "title": "Nakdan live run",
              "fullTitle": "toolTests dev mobile Nakdan live run",
              "timedOut": null,
              "duration": 1822,
              "state": "passed",
              "speed": "fast",
              "pass": true,
              "fail": false,
              "pending": false,
              "context": "\"videos/toolTests.js.mp4\"",
              "code": "cy.get('[placeholder=\"הזן טקסט כאן\"]').type('משה');\ncy.get('[id=\"nikud-text\"]').should('contain', 'מֹשֶׁה');",
              "err": {},
              "uuid": "4bf6ad16-6dff-4a9e-96ca-e0676a8f6d9d",
              "parentUUID": "f69a561b-19b2-4150-95bf-ee80b3db34da",
              "isHook": false,
              "skipped": false
            }
          ],
          "suites": [],
          "passes": [
            "4bf6ad16-6dff-4a9e-96ca-e0676a8f6d9d"
          ],
          "failures": [],
          "pending": [],
          "skipped": [],
          "duration": 1822,
          "root": false,
          "rootEmpty": false,
          "_timeout": 2000
        }
      ],
      "passes": [],
      "failures": [],
      "pending": [],
      "skipped": [],
      "duration": 0,
      "root": true,
      "rootEmpty": true,
      "_timeout": 2000
    }
  ],
  "meta": {
    "mocha": {
      "version": "7.0.1"
    },
    "mochawesome": {
      "options": {
        "quiet": false,
        "reportFilename": "mochawesome",
        "saveHtml": false,
        "saveJson": true,
        "consoleReporter": "spec",
        "useInlineDiffs": false,
        "code": true
      },
      "version": "6.2.2"
    },
    "marge": {
      "options": {
        "id": "default",
        "reportDir": "cypress/results/json",
        "overwrite": false,
        "html": false,
        "json": true
      },
      "version": "5.2.0"
    }
  }
}