{
  "stats": {
    "suites": 4,
    "tests": 4,
    "passes": 4,
    "pending": 0,
    "failures": 0,
    "start": "2023-10-04T02:56:46.853Z",
    "end": "2023-10-04T02:57:00.590Z",
    "duration": 13737,
    "testsRegistered": 4,
    "passPercent": 100,
    "pendingPercent": 0,
    "other": 0,
    "hasOther": false,
    "skipped": 0,
    "hasSkipped": false
  },
  "results": [
    {
      "uuid": "81596435-1cf9-42ba-8922-cb99ff448357",
      "title": "",
      "fullFile": "cypress\\e2e\\toolTests.js",
      "file": "cypress\\e2e\\toolTests.js",
      "beforeHooks": [],
      "afterHooks": [],
      "tests": [],
      "suites": [
        {
          "uuid": "6d304acc-89ea-48da-9be2-db201b545741",
          "title": "toolTests live desktop",
          "fullFile": "",
          "file": "",
          "beforeHooks": [],
          "afterHooks": [],
          "tests": [
            {
              "title": "Nakdan live run",
              "fullTitle": "toolTests live desktop Nakdan live run",
              "timedOut": null,
              "duration": 3145,
              "state": "passed",
              "speed": "fast",
              "pass": true,
              "fail": false,
              "pending": false,
              "context": "\"videos/toolTests.js.mp4\"",
              "code": "cy.get('[placeholder=\"הזן טקסט כאן\"]').type('משה');\ncy.get('[id=\"nikud-text\"]').should('contain', 'מֹשֶׁה');",
              "err": {},
              "uuid": "6564a6ae-d63d-4332-b6d1-8e245c05e1bd",
              "parentUUID": "6d304acc-89ea-48da-9be2-db201b545741",
              "isHook": false,
              "skipped": false
            }
          ],
          "suites": [],
          "passes": [
            "6564a6ae-d63d-4332-b6d1-8e245c05e1bd"
          ],
          "failures": [],
          "pending": [],
          "skipped": [],
          "duration": 3145,
          "root": false,
          "rootEmpty": false,
          "_timeout": 2000
        },
        {
          "uuid": "979d2b66-866b-404b-8419-c95f6681e7a7",
          "title": "toolTests live mobile",
          "fullFile": "",
          "file": "",
          "beforeHooks": [],
          "afterHooks": [],
          "tests": [
            {
              "title": "Nakdan live run",
              "fullTitle": "toolTests live mobile Nakdan live run",
              "timedOut": null,
              "duration": 1192,
              "state": "passed",
              "speed": "fast",
              "pass": true,
              "fail": false,
              "pending": false,
              "context": "\"videos/toolTests.js.mp4\"",
              "code": "cy.get('[placeholder=\"הזן טקסט כאן\"]').type('משה');\ncy.get('[id=\"nikud-text\"]').should('contain', 'מֹשֶׁה');",
              "err": {},
              "uuid": "3421e7a0-58bd-48b4-8d48-501fc8971559",
              "parentUUID": "979d2b66-866b-404b-8419-c95f6681e7a7",
              "isHook": false,
              "skipped": false
            }
          ],
          "suites": [],
          "passes": [
            "3421e7a0-58bd-48b4-8d48-501fc8971559"
          ],
          "failures": [],
          "pending": [],
          "skipped": [],
          "duration": 1192,
          "root": false,
          "rootEmpty": false,
          "_timeout": 2000
        },
        {
          "uuid": "1524e483-b656-44d7-bd9e-1a328a0ba8e5",
          "title": "toolTests dev desktop",
          "fullFile": "",
          "file": "",
          "beforeHooks": [],
          "afterHooks": [],
          "tests": [
            {
              "title": "Nakdan live run",
              "fullTitle": "toolTests dev desktop Nakdan live run",
              "timedOut": null,
              "duration": 2598,
              "state": "passed",
              "speed": "fast",
              "pass": true,
              "fail": false,
              "pending": false,
              "context": "\"videos/toolTests.js.mp4\"",
              "code": "cy.get('[placeholder=\"הזן טקסט כאן\"]').type('משה');\ncy.get('[id=\"nikud-text\"]').should('contain', 'מֹשֶׁה');",
              "err": {},
              "uuid": "675e0632-8a8e-4bde-adb4-8c8540b6dddf",
              "parentUUID": "1524e483-b656-44d7-bd9e-1a328a0ba8e5",
              "isHook": false,
              "skipped": false
            }
          ],
          "suites": [],
          "passes": [
            "675e0632-8a8e-4bde-adb4-8c8540b6dddf"
          ],
          "failures": [],
          "pending": [],
          "skipped": [],
          "duration": 2598,
          "root": false,
          "rootEmpty": false,
          "_timeout": 2000
        },
        {
          "uuid": "b041e46d-f3fa-46bd-ba1b-fb0458d134f7",
          "title": "toolTests dev mobile",
          "fullFile": "",
          "file": "",
          "beforeHooks": [],
          "afterHooks": [],
          "tests": [
            {
              "title": "Nakdan live run",
              "fullTitle": "toolTests dev mobile Nakdan live run",
              "timedOut": null,
              "duration": 2222,
              "state": "passed",
              "speed": "fast",
              "pass": true,
              "fail": false,
              "pending": false,
              "context": "\"videos/toolTests.js.mp4\"",
              "code": "cy.get('[placeholder=\"הזן טקסט כאן\"]').type('משה');\ncy.get('[id=\"nikud-text\"]').should('contain', 'מֹשֶׁה');",
              "err": {},
              "uuid": "5eb91adf-389a-4f0c-b81d-e15e4fc3d494",
              "parentUUID": "b041e46d-f3fa-46bd-ba1b-fb0458d134f7",
              "isHook": false,
              "skipped": false
            }
          ],
          "suites": [],
          "passes": [
            "5eb91adf-389a-4f0c-b81d-e15e4fc3d494"
          ],
          "failures": [],
          "pending": [],
          "skipped": [],
          "duration": 2222,
          "root": false,
          "rootEmpty": false,
          "_timeout": 2000
        }
      ],
      "passes": [],
      "failures": [],
      "pending": [],
      "skipped": [],
      "duration": 0,
      "root": true,
      "rootEmpty": true,
      "_timeout": 2000
    }
  ],
  "meta": {
    "mocha": {
      "version": "7.0.1"
    },
    "mochawesome": {
      "options": {
        "quiet": false,
        "reportFilename": "mochawesome",
        "saveHtml": false,
        "saveJson": true,
        "consoleReporter": "spec",
        "useInlineDiffs": false,
        "code": true
      },
      "version": "6.2.2"
    },
    "marge": {
      "options": {
        "id": "default",
        "reportDir": "cypress/results/json",
        "overwrite": false,
        "html": false,
        "json": true
      },
      "version": "5.2.0"
    }
  }
}