{
  "stats": {
    "suites": 2,
    "tests": 4,
    "passes": 4,
    "pending": 0,
    "failures": 0,
    "start": "2023-10-03T07:24:48.083Z",
    "end": "2023-10-03T07:29:19.772Z",
    "duration": 271689,
    "testsRegistered": 4,
    "passPercent": 100,
    "pendingPercent": 0,
    "other": 0,
    "hasOther": false,
    "skipped": 0,
    "hasSkipped": false
  },
  "results": [
    {
      "uuid": "1aee7004-3cb6-4f96-97f5-be46a9ea13df",
      "title": "",
      "fullFile": "cypress\\e2e\\requestsTests.js",
      "file": "cypress\\e2e\\requestsTests.js",
      "beforeHooks": [],
      "afterHooks": [],
      "tests": [],
      "suites": [
        {
          "uuid": "f8d14930-9593-47f0-bdd2-6451d7fc5f9a",
          "title": "toolTests live mobile",
          "fullFile": "",
          "file": "",
          "beforeHooks": [],
          "afterHooks": [],
          "tests": [
            {
              "title": "Error message for response with a delay of 3 minutes when clicking the run button of nakdan live page",
              "fullTitle": "toolTests live mobile Error message for response with a delay of 3 minutes when clicking the run button of nakdan live page",
              "timedOut": null,
              "duration": 131676,
              "state": "passed",
              "speed": "slow",
              "pass": true,
              "fail": false,
              "pending": false,
              "context": "\"videos/requestsTests.js.mp4\"",
              "code": "cy.nakdanLiveRequest({\n  url: 'https://update-nakdan-live.dicta.org.il/user-server/api',\n  message: 'חיבור אינטרנט חלש, ייתכנו שיבושים במהלך הניקוד',\n  delaySeconds: 60 * 10\n});",
              "err": {},
              "uuid": "211a32d1-553e-439e-83c9-1ab5cda9408c",
              "parentUUID": "f8d14930-9593-47f0-bdd2-6451d7fc5f9a",
              "isHook": false,
              "skipped": false
            },
            {
              "title": "Error message for response with status code 500 when clicking the run button of nakdan live page",
              "fullTitle": "toolTests live mobile Error message for response with status code 500 when clicking the run button of nakdan live page",
              "timedOut": null,
              "duration": 2599,
              "state": "passed",
              "speed": "fast",
              "pass": true,
              "fail": false,
              "pending": false,
              "context": "\"videos/requestsTests.js.mp4\"",
              "code": "cy.nakdanLiveRequest({\n  url: 'api',\n  status: 500,\n  message: 'חיבור אינטרנט חלש, ייתכנו שיבושים במהלך הניקוד'\n});",
              "err": {},
              "uuid": "b50b1752-5ace-453c-8c46-0007b07565f3",
              "parentUUID": "f8d14930-9593-47f0-bdd2-6451d7fc5f9a",
              "isHook": false,
              "skipped": false
            }
          ],
          "suites": [],
          "passes": [
            "211a32d1-553e-439e-83c9-1ab5cda9408c",
            "b50b1752-5ace-453c-8c46-0007b07565f3"
          ],
          "failures": [],
          "pending": [],
          "skipped": [],
          "duration": 134275,
          "root": false,
          "rootEmpty": false,
          "_timeout": 2000
        },
        {
          "uuid": "c3fbea83-8d95-400f-a6ab-4824c859fcf0",
          "title": "toolTests dev mobile",
          "fullFile": "",
          "file": "",
          "beforeHooks": [],
          "afterHooks": [],
          "tests": [
            {
              "title": "Error message for response with a delay of 3 minutes when clicking the run button of nakdan live page",
              "fullTitle": "toolTests dev mobile Error message for response with a delay of 3 minutes when clicking the run button of nakdan live page",
              "timedOut": null,
              "duration": 130731,
              "state": "passed",
              "speed": "slow",
              "pass": true,
              "fail": false,
              "pending": false,
              "context": "\"videos/requestsTests.js.mp4\"",
              "code": "cy.nakdanLiveRequest({\n  url: 'https://update-nakdan-live.dicta.org.il/user-server/api',\n  message: 'חיבור אינטרנט חלש, ייתכנו שיבושים במהלך הניקוד',\n  delaySeconds: 60 * 10\n});",
              "err": {},
              "uuid": "4210731e-5801-4085-81cc-6bf405cc3481",
              "parentUUID": "c3fbea83-8d95-400f-a6ab-4824c859fcf0",
              "isHook": false,
              "skipped": false
            },
            {
              "title": "Error message for response with status code 500 when clicking the run button of nakdan live page",
              "fullTitle": "toolTests dev mobile Error message for response with status code 500 when clicking the run button of nakdan live page",
              "timedOut": null,
              "duration": 2125,
              "state": "passed",
              "speed": "fast",
              "pass": true,
              "fail": false,
              "pending": false,
              "context": "\"videos/requestsTests.js.mp4\"",
              "code": "cy.nakdanLiveRequest({\n  url: 'api',\n  status: 500,\n  message: 'חיבור אינטרנט חלש, ייתכנו שיבושים במהלך הניקוד'\n});",
              "err": {},
              "uuid": "fbf4b183-7216-4249-8a9b-e8c113c1588d",
              "parentUUID": "c3fbea83-8d95-400f-a6ab-4824c859fcf0",
              "isHook": false,
              "skipped": false
            }
          ],
          "suites": [],
          "passes": [
            "4210731e-5801-4085-81cc-6bf405cc3481",
            "fbf4b183-7216-4249-8a9b-e8c113c1588d"
          ],
          "failures": [],
          "pending": [],
          "skipped": [],
          "duration": 132856,
          "root": false,
          "rootEmpty": false,
          "_timeout": 2000
        }
      ],
      "passes": [],
      "failures": [],
      "pending": [],
      "skipped": [],
      "duration": 0,
      "root": true,
      "rootEmpty": true,
      "_timeout": 2000
    }
  ],
  "meta": {
    "mocha": {
      "version": "7.0.1"
    },
    "mochawesome": {
      "options": {
        "quiet": false,
        "reportFilename": "mochawesome",
        "saveHtml": false,
        "saveJson": true,
        "consoleReporter": "spec",
        "useInlineDiffs": false,
        "code": true
      },
      "version": "6.2.2"
    },
    "marge": {
      "options": {
        "id": "default",
        "reportDir": "cypress/results/json",
        "overwrite": false,
        "html": false,
        "json": true
      },
      "version": "5.2.0"
    }
  }
}