{
  "stats": {
    "suites": 2,
    "tests": 4,
    "passes": 4,
    "pending": 0,
    "failures": 0,
    "start": "2023-10-03T07:20:17.191Z",
    "end": "2023-10-03T07:24:46.437Z",
    "duration": 269246,
    "testsRegistered": 4,
    "passPercent": 100,
    "pendingPercent": 0,
    "other": 0,
    "hasOther": false,
    "skipped": 0,
    "hasSkipped": false
  },
  "results": [
    {
      "uuid": "4c617ae8-11d6-4584-9362-f43f90c77891",
      "title": "",
      "fullFile": "cypress\\e2e\\DevelopmentVersionRequestsTests.js",
      "file": "cypress\\e2e\\DevelopmentVersionRequestsTests.js",
      "beforeHooks": [],
      "afterHooks": [],
      "tests": [],
      "suites": [
        {
          "uuid": "675ab72a-361c-4b81-a4dc-26425c6a205b",
          "title": "DevelopmentVersionRequestsTests",
          "fullFile": "",
          "file": "",
          "beforeHooks": [],
          "afterHooks": [],
          "tests": [
            {
              "title": "Error message for response with a delay of 3 minutes when clicking the run button of nakdan live page",
              "fullTitle": "DevelopmentVersionRequestsTests Error message for response with a delay of 3 minutes when clicking the run button of nakdan live page",
              "timedOut": null,
              "duration": 133234,
              "state": "passed",
              "speed": "slow",
              "pass": true,
              "fail": false,
              "pending": false,
              "context": "\"videos/DevelopmentVersionRequestsTests.js.mp4\"",
              "code": "cy.nakdanLiveRequest({\n  url: 'api',\n  message: 'חיבור אינטרנט חלש, ייתכנו שיבושים במהלך הניקוד',\n  delaySeconds: 60 * 3\n});",
              "err": {},
              "uuid": "08f11f4e-b43f-4feb-92a4-9ff93eaccce1",
              "parentUUID": "675ab72a-361c-4b81-a4dc-26425c6a205b",
              "isHook": false,
              "skipped": false
            },
            {
              "title": "Error message for response with status code 500 when clicking the run button of nakdan live page",
              "fullTitle": "DevelopmentVersionRequestsTests Error message for response with status code 500 when clicking the run button of nakdan live page",
              "timedOut": null,
              "duration": 2757,
              "state": "passed",
              "speed": "fast",
              "pass": true,
              "fail": false,
              "pending": false,
              "context": "\"videos/DevelopmentVersionRequestsTests.js.mp4\"",
              "code": "cy.nakdanLiveRequest({\n  url: 'api',\n  status: 500,\n  message: 'חיבור אינטרנט חלש, ייתכנו שיבושים במהלך הניקוד'\n});",
              "err": {},
              "uuid": "4d9d8ef7-b111-4157-8625-b601233ee2fd",
              "parentUUID": "675ab72a-361c-4b81-a4dc-26425c6a205b",
              "isHook": false,
              "skipped": false
            }
          ],
          "suites": [],
          "passes": [
            "08f11f4e-b43f-4feb-92a4-9ff93eaccce1",
            "4d9d8ef7-b111-4157-8625-b601233ee2fd"
          ],
          "failures": [],
          "pending": [],
          "skipped": [],
          "duration": 135991,
          "root": false,
          "rootEmpty": false,
          "_timeout": 2000
        },
        {
          "uuid": "696bbce8-9220-4032-8007-8809bae10030",
          "title": "DevelopmentVersionRequestsTests",
          "fullFile": "",
          "file": "",
          "beforeHooks": [],
          "afterHooks": [],
          "tests": [
            {
              "title": "Error message for response with a delay of 3 minutes when clicking the run button of nakdan live page",
              "fullTitle": "DevelopmentVersionRequestsTests Error message for response with a delay of 3 minutes when clicking the run button of nakdan live page",
              "timedOut": null,
              "duration": 130649,
              "state": "passed",
              "speed": "slow",
              "pass": true,
              "fail": false,
              "pending": false,
              "context": "\"videos/DevelopmentVersionRequestsTests.js.mp4\"",
              "code": "cy.nakdanLiveRequest({\n  url: 'api',\n  message: 'חיבור אינטרנט חלש, ייתכנו שיבושים במהלך הניקוד',\n  delaySeconds: 60 * 3\n});",
              "err": {},
              "uuid": "f9025619-0a5f-4c42-b44d-1c24e7f06164",
              "parentUUID": "696bbce8-9220-4032-8007-8809bae10030",
              "isHook": false,
              "skipped": false
            },
            {
              "title": "Error message for response with status code 500 when clicking the run button of nakdan live page",
              "fullTitle": "DevelopmentVersionRequestsTests Error message for response with status code 500 when clicking the run button of nakdan live page",
              "timedOut": null,
              "duration": 2245,
              "state": "passed",
              "speed": "fast",
              "pass": true,
              "fail": false,
              "pending": false,
              "context": "\"videos/DevelopmentVersionRequestsTests.js.mp4\"",
              "code": "cy.nakdanLiveRequest({\n  url: 'api',\n  status: 500,\n  message: 'חיבור אינטרנט חלש, ייתכנו שיבושים במהלך הניקוד'\n});",
              "err": {},
              "uuid": "7581160f-1011-4551-a4c3-45da9dd2484b",
              "parentUUID": "696bbce8-9220-4032-8007-8809bae10030",
              "isHook": false,
              "skipped": false
            }
          ],
          "suites": [],
          "passes": [
            "f9025619-0a5f-4c42-b44d-1c24e7f06164",
            "7581160f-1011-4551-a4c3-45da9dd2484b"
          ],
          "failures": [],
          "pending": [],
          "skipped": [],
          "duration": 132894,
          "root": false,
          "rootEmpty": false,
          "_timeout": 2000
        }
      ],
      "passes": [],
      "failures": [],
      "pending": [],
      "skipped": [],
      "duration": 0,
      "root": true,
      "rootEmpty": true,
      "_timeout": 2000
    }
  ],
  "meta": {
    "mocha": {
      "version": "7.0.1"
    },
    "mochawesome": {
      "options": {
        "quiet": false,
        "reportFilename": "mochawesome",
        "saveHtml": false,
        "saveJson": true,
        "consoleReporter": "spec",
        "useInlineDiffs": false,
        "code": true
      },
      "version": "6.2.2"
    },
    "marge": {
      "options": {
        "id": "default",
        "reportDir": "cypress/results/json",
        "overwrite": false,
        "html": false,
        "json": true
      },
      "version": "5.2.0"
    }
  }
}